<?xml version="1.0" encoding="UTF-8"?>
<!-- Generated by org.testng.reporters.JUnitReportReporter -->
<testsuite hostname="vyas" failures="0" tests="1" name="Google.Cricinfo" time="23.154" errors="0" timestamp="2022-08-02T20:39:09 IST" skipped="0">
  <testcase classname="Google.Cricinfo" name="testcase" time="23.154"/>
  <system-out/>
</testsuite> <!-- Google.Cricinfo -->
